<?xml version="1.0" encoding="UTF-8"?>
<testsuite xmlns:xsi="http://www.w3.org/2001/XMLSchema-instance" xsi:noNamespaceSchemaLocation="https://maven.apache.org/surefire/maven-surefire-plugin/xsd/surefire-test-report-3.0.xsd" version="3.0" name="com.ameya.product_service.ProductServiceApplicationTests" time="6.033" tests="1" errors="0" skipped="0" failures="0">
  <properties>
[...]
</properties>
  <testcase name="shouldCreateProduct" classname="com.ameya.product_service.ProductServiceApplicationTests" time="0.66">
    <system-out><![CDATA[22:52:02.652 [main] INFO org.springframework.test.context.support.AnnotationConfigContextLoaderUtils -- Could not detect default configuration classes for test class [com.ameya.product_service.ProductServiceApplicationTests]: ProductServiceApplicationTests does not declare any static, non-private, non-final, nested classes annotated with @Configuration.
22:52:02.722 [main] INFO org.springframework.boot.test.context.SpringBootTestContextBootstrapper -- Found @SpringBootConfiguration com.ameya.product_service.ProductServiceApplication for test class com.ameya.product_service.ProductServiceApplicationTests
22:52:02.795 [main] INFO org.testcontainers.images.PullPolicy -- Image pull policy will be performed by: DefaultPullPolicy()
22:52:02.797 [main] INFO org.testcontainers.utility.ImageNameSubstitutor -- Image name substitution will be performed by: DefaultImageNameSubstitutor (composite of 'ConfigurationFileImageNameSubstitutor' and 'PrefixingImageNameSubstitutor')
22:52:02.937 [main] INFO org.testcontainers.dockerclient.DockerClientProviderStrategy -- Loaded org.testcontainers.dockerclient.UnixSocketClientProviderStrategy from ~/.testcontainers.properties, will try it first
22:52:03.381 [main] INFO org.testcontainers.dockerclient.DockerClientProviderStrategy -- Found Docker environment with local Unix socket (unix:///var/run/docker.sock)
22:52:03.382 [main] INFO org.testcontainers.DockerClientFactory -- Docker host IP address is localhost
22:52:03.405 [main] INFO org.testcontainers.DockerClientFactory -- Connected to docker: 
  Server Version: 20.10.22
  API Version: 1.41
  Operating System: Docker Desktop
  Total Memory: 3933 MB
22:52:03.433 [main] INFO tc.testcontainers/ryuk:0.7.0 -- Creating container for image: testcontainers/ryuk:0.7.0
22:52:04.263 [main] INFO org.testcontainers.utility.RegistryAuthLocator -- Credential helper/store (docker-credential-desktop) does not have credentials for https://index.docker.io/v1/
22:52:04.405 [main] INFO tc.testcontainers/ryuk:0.7.0 -- Container testcontainers/ryuk:0.7.0 is starting: c56aad32da857300730943555391bdd5ff4427aef0943dfc120a2a9f48bb4cff
22:52:05.544 [main] INFO tc.testcontainers/ryuk:0.7.0 -- Container testcontainers/ryuk:0.7.0 started in PT2.110812S
22:52:05.556 [main] INFO org.testcontainers.utility.RyukResourceReaper -- Ryuk started - will monitor and terminate Testcontainers containers on JVM exit
22:52:05.556 [main] INFO org.testcontainers.DockerClientFactory -- Checking the system...
22:52:05.556 [main] INFO org.testcontainers.DockerClientFactory -- ✔︎ Docker server version should be at least 1.6.0
22:52:05.557 [main] INFO tc.mongo:4.4.2 -- Creating container for image: mongo:4.4.2
22:52:05.594 [main] INFO tc.mongo:4.4.2 -- Container mongo:4.4.2 is starting: cbe6142f11fd9eeb1e4add0600911c8af2295f6f1e1da915982802892294ede7
22:52:06.179 [main] INFO tc.mongo:4.4.2 -- Container mongo:4.4.2 started in PT0.621988S

  .   ____          _            __ _ _
 /\\ / ___'_ __ _ _(_)_ __  __ _ \ \ \ \
( ( )\___ | '_ | '_| | '_ \/ _` | \ \ \ \
 \\/  ___)| |_)| | | | | || (_| |  ) ) ) )
  '  |____| .__|_| |_|_| |_\__, | / / / /
 =========|_|==============|___/=/_/_/_/

 :: Spring Boot ::                (v3.3.1)

2024-06-28T22:52:06.729-04:00  INFO 23434 --- [product-service] [           main] c.a.p.ProductServiceApplicationTests     : Starting ProductServiceApplicationTests using Java 18.0.2.1 with PID 23434 (started by ameyakale in /Users/ameyakale/Microservices/MarketPlace/product-service)
2024-06-28T22:52:06.729-04:00  INFO 23434 --- [product-service] [           main] c.a.p.ProductServiceApplicationTests     : No active profile set, falling back to 1 default profile: "default"
2024-06-28T22:52:07.038-04:00  INFO 23434 --- [product-service] [           main] .s.d.r.c.RepositoryConfigurationDelegate : Bootstrapping Spring Data MongoDB repositories in DEFAULT mode.
2024-06-28T22:52:07.064-04:00  INFO 23434 --- [product-service] [           main] .s.d.r.c.RepositoryConfigurationDelegate : Finished Spring Data repository scanning in 23 ms. Found 1 MongoDB repository interface.
2024-06-28T22:52:07.301-04:00  INFO 23434 --- [product-service] [           main] org.mongodb.driver.client                : MongoClient with metadata {"driver": {"name": "mongo-java-driver|sync|spring-boot", "version": "5.0.1"}, "os": {"type": "Darwin", "name": "Mac OS X", "architecture": "aarch64", "version": "14.5"}, "platform": "Java/Oracle Corporation/18.0.2.1+1-1"} created with settings MongoClientSettings{readPreference=primary, writeConcern=WriteConcern{w=null, wTimeout=null ms, journal=null}, retryWrites=true, retryReads=true, readConcern=ReadConcern{level=null}, credential=null, transportSettings=null, commandListeners=[], codecRegistry=ProvidersCodecRegistry{codecProviders=[ValueCodecProvider{}, BsonValueCodecProvider{}, DBRefCodecProvider{}, DBObjectCodecProvider{}, DocumentCodecProvider{}, CollectionCodecProvider{}, IterableCodecProvider{}, MapCodecProvider{}, GeoJsonCodecProvider{}, GridFSFileCodecProvider{}, Jsr310CodecProvider{}, JsonObjectCodecProvider{}, BsonCodecProvider{}, EnumCodecProvider{}, com.mongodb.client.model.mql.ExpressionCodecProvider@2fbd390, com.mongodb.Jep395RecordCodecProvider@166b11e, com.mongodb.KotlinCodecProvider@5e68be2]}, loggerSettings=LoggerSettings{maxDocumentLength=1000}, clusterSettings={hosts=[localhost:49184], srvServiceName=mongodb, mode=SINGLE, requiredClusterType=UNKNOWN, requiredReplicaSetName='null', serverSelector='null', clusterListeners='[]', serverSelectionTimeout='30000 ms', localThreshold='15 ms'}, socketSettings=SocketSettings{connectTimeoutMS=10000, readTimeoutMS=0, receiveBufferSize=0, proxySettings=ProxySettings{host=null, port=null, username=null, password=null}}, heartbeatSocketSettings=SocketSettings{connectTimeoutMS=10000, readTimeoutMS=10000, receiveBufferSize=0, proxySettings=ProxySettings{host=null, port=null, username=null, password=null}}, connectionPoolSettings=ConnectionPoolSettings{maxSize=100, minSize=0, maxWaitTimeMS=120000, maxConnectionLifeTimeMS=0, maxConnectionIdleTimeMS=0, maintenanceInitialDelayMS=0, maintenanceFrequencyMS=60000, connectionPoolListeners=[], maxConnecting=2}, serverSettings=ServerSettings{heartbeatFrequencyMS=10000, minHeartbeatFrequencyMS=500, serverListeners='[]', serverMonitorListeners='[]'}, sslSettings=SslSettings{enabled=false, invalidHostNameAllowed=false, context=null}, applicationName='null', compressorList=[], uuidRepresentation=JAVA_LEGACY, serverApi=null, autoEncryptionSettings=null, dnsClient=null, inetAddressResolver=null, contextProvider=null}
2024-06-28T22:52:07.311-04:00  INFO 23434 --- [product-service] [localhost:49184] org.mongodb.driver.cluster               : Monitor thread successfully connected to server with description ServerDescription{address=localhost:49184, type=REPLICA_SET_PRIMARY, state=CONNECTED, ok=true, minWireVersion=0, maxWireVersion=9, maxDocumentSize=16777216, logicalSessionTimeoutMinutes=30, roundTripTimeNanos=12272125, setName='docker-rs', canonicalAddress=cbe6142f11fd:27017, hosts=[cbe6142f11fd:27017], passives=[], arbiters=[], primary='cbe6142f11fd:27017', tagSet=TagSet{[]}, electionId=7fffffff0000000000000001, setVersion=1, topologyVersion=TopologyVersion{processId=667f76d6cf4e1498e270ef0e, counter=6}, lastWriteDate=Fri Jun 28 22:52:06 EDT 2024, lastUpdateTimeNanos=422658017137208}
2024-06-28T22:52:07.668-04:00  INFO 23434 --- [product-service] [           main] o.s.b.t.m.w.SpringBootMockServletContext : Initializing Spring TestDispatcherServlet ''
2024-06-28T22:52:07.668-04:00  INFO 23434 --- [product-service] [           main] o.s.t.web.servlet.TestDispatcherServlet  : Initializing Servlet ''
2024-06-28T22:52:07.669-04:00  INFO 23434 --- [product-service] [           main] o.s.t.web.servlet.TestDispatcherServlet  : Completed initialization in 0 ms
2024-06-28T22:52:07.681-04:00  INFO 23434 --- [product-service] [           main] c.a.p.ProductServiceApplicationTests     : Started ProductServiceApplicationTests in 1.085 seconds (process running for 5.442)
2024-06-28T22:52:08.321-04:00  INFO 23434 --- [product-service] [           main] c.a.p.service.ProductService             : Product 667f76d8819df6218f20e1bb is saved
]]></system-out>
  </testcase>
</testsuite>